<?xml version="1.0" encoding="UTF-8"?>
<testsuite errors="0" failures="0" name="ListParsing_tests.ListParsingTests-20151002190402" tests="13" time="0.030">
	<properties/>
	<system-out>
<![CDATA[The bag 'invalid_bag' doesn't exist in the tab 'Sheet1'.
The bag 'invalid_bag' or the key 'invalid_key' doesn't exist in the tab 'Sheet1'.
There is no such index in the list 'Administrative->Num Site = ['45']'
The key 'invalid_key' doesn't exist in the tab 'Sheet1'.
The bag '000' or the key 'Gateway' doesn't exist in the tab 'Sheet1'.
The key 'invalid_key' doesn't exist in the tab 'Sheet1'.
]]>	</system-out>
	<system-err>
<![CDATA[]]>	</system-err>
	<testcase classname="ListParsing_tests.ListParsingTests" name="test_get_all_keys" time="0.003"/>
	<testcase classname="ListParsing_tests.ListParsingTests" name="test_get_all_keys_by_bag" time="0.002"/>
	<testcase classname="ListParsing_tests.ListParsingTests" name="test_get_all_keys_by_bag_failed" time="0.002"/>
	<testcase classname="ListParsing_tests.ListParsingTests" name="test_get_param_by_index_failed" time="0.002"/>
	<testcase classname="ListParsing_tests.ListParsingTests" name="test_get_value_by_bag_and_key" time="0.002"/>
	<testcase classname="ListParsing_tests.ListParsingTests" name="test_get_value_by_bag_and_key_and_index" time="0.002"/>
	<testcase classname="ListParsing_tests.ListParsingTests" name="test_get_value_by_bag_and_key_and_index_failed" time="0.002"/>
	<testcase classname="ListParsing_tests.ListParsingTests" name="test_get_value_by_key" time="0.002"/>
	<testcase classname="ListParsing_tests.ListParsingTests" name="test_get_value_by_key_failed" time="0.003"/>
	<testcase classname="ListParsing_tests.ListParsingTests" name="test_set_value_by_bag_and_key" time="0.002"/>
	<testcase classname="ListParsing_tests.ListParsingTests" name="test_set_value_by_bag_and_key_failed" time="0.002"/>
	<testcase classname="ListParsing_tests.ListParsingTests" name="test_set_value_by_key" time="0.002"/>
	<testcase classname="ListParsing_tests.ListParsingTests" name="test_set_value_by_key_failed" time="0.002"/>
</testsuite>
