<?xml version="1.0" encoding="UTF-8"?>
<testsuite errors="0" failures="0" name="ExcelWorkbookManager_tests.ExcelWorkbookManagerTests-20150928193411" tests="4" time="6.591">
	<properties/>
	<system-out>
<![CDATA[The file 'file_not_exist' doesn't exist
]]>	</system-out>
	<system-err>
<![CDATA[]]>	</system-err>
	<testcase classname="ExcelWorkbookManager_tests.ExcelWorkbookManagerTests" name="test_get_excel_workbook" time="3.173"/>
	<testcase classname="ExcelWorkbookManager_tests.ExcelWorkbookManagerTests" name="test_get_sheet" time="3.417"/>
	<testcase classname="ExcelWorkbookManager_tests.ExcelWorkbookManagerTests" name="test_get_test_excel_file" time="0.000"/>
	<testcase classname="ExcelWorkbookManager_tests.ExcelWorkbookManagerTests" name="test_open_file_not_exist" time="0.000"/>
</testsuite>
