<?xml version="1.0" encoding="UTF-8"?>
<testsuite errors="0" failures="0" name="Equipment_tests.EquipmentTests-20151002204355" tests="14" time="0.230">
	<properties/>
	<system-out>
<![CDATA[The index 'Parcher' or the parameter 'Name' doesn't exist in the tab 'Sheet1'.
The index '<unresolved>' or the parameter 'Gateway' doesn't exist in the tab 'Sheet1'.
The bag 'MalCobbs' or the key 'DNS Server' doesn't exist in the tab 'Sheet1'.
The title 'TylerDurden' doesn't exist in the tab 'Sheet1'.
]]>	</system-out>
	<system-err>
<![CDATA[]]>	</system-err>
	<testcase classname="Equipment_tests.EquipmentTests" name="test_fill_out_the_template" time="0.019"/>
	<testcase classname="Equipment_tests.EquipmentTests" name="test_get_value_of_var_1" time="0.015"/>
	<testcase classname="Equipment_tests.EquipmentTests" name="test_get_value_of_var_2" time="0.018"/>
	<testcase classname="Equipment_tests.EquipmentTests" name="test_get_value_of_var_with_interrogation" time="0.016"/>
	<testcase classname="Equipment_tests.EquipmentTests" name="test_get_value_of_var_with_interrogation_unresolved" time="0.015"/>
	<testcase classname="Equipment_tests.EquipmentTests" name="test_get_var_from_global_sheet_is_sheet" time="0.015"/>
	<testcase classname="Equipment_tests.EquipmentTests" name="test_get_var_from_global_sheet_is_var" time="0.015"/>
	<testcase classname="Equipment_tests.EquipmentTests" name="test_get_var_with_exclamation_and_colon_ArrayParsing" time="0.015"/>
	<testcase classname="Equipment_tests.EquipmentTests" name="test_get_var_with_exclamation_and_colon_ArrayParsing_unresolved" time="0.015"/>
	<testcase classname="Equipment_tests.EquipmentTests" name="test_get_var_with_exclamation_and_colon_ListParsing" time="0.020"/>
	<testcase classname="Equipment_tests.EquipmentTests" name="test_get_var_with_exclamation_and_colon_ListParsing_unresolved" time="0.015"/>
	<testcase classname="Equipment_tests.EquipmentTests" name="test_get_var_with_exclamation_and_colon_TextParsing" time="0.018"/>
	<testcase classname="Equipment_tests.EquipmentTests" name="test_get_var_with_exclamation_and_colon_TextParsing_unresolved" time="0.018"/>
	<testcase classname="Equipment_tests.EquipmentTests" name="test_remove_brackets" time="0.016"/>
</testsuite>
