<?xml version="1.0" encoding="UTF-8"?>
<testsuite errors="0" failures="0" name="ArrayParsing_tests.ArrayParsingTests-20151002190413" tests="16" time="0.212">
	<properties/>
	<system-out>
<![CDATA[The index '101' or the parameter 'invalid_param' doesn't exist in the tab 'Sheet1'.
The index '000' or the parameter 'Gateway' doesn't exist in the tab 'Sheet1'.
]]>	</system-out>
	<system-err>
<![CDATA[]]>	</system-err>
	<testcase classname="ArrayParsing_tests.ArrayParsingTests" name="test_delimitation_between_indexes_and_commands" time="0.021"/>
	<testcase classname="ArrayParsing_tests.ArrayParsingTests" name="test_get_all_commands" time="0.012"/>
	<testcase classname="ArrayParsing_tests.ArrayParsingTests" name="test_get_all_headers" time="0.017"/>
	<testcase classname="ArrayParsing_tests.ArrayParsingTests" name="test_get_all_indexes" time="0.014"/>
	<testcase classname="ArrayParsing_tests.ArrayParsingTests" name="test_get_all_param_by_index" time="0.017"/>
	<testcase classname="ArrayParsing_tests.ArrayParsingTests" name="test_get_nbr_of_cols" time="0.012"/>
	<testcase classname="ArrayParsing_tests.ArrayParsingTests" name="test_get_nbr_of_cols_in_row" time="0.014"/>
	<testcase classname="ArrayParsing_tests.ArrayParsingTests" name="test_get_nbr_of_rows" time="0.012"/>
	<testcase classname="ArrayParsing_tests.ArrayParsingTests" name="test_get_param_by_index" time="0.011"/>
	<testcase classname="ArrayParsing_tests.ArrayParsingTests" name="test_get_param_by_index_failed" time="0.012"/>
	<testcase classname="ArrayParsing_tests.ArrayParsingTests" name="test_get_row_where_value" time="0.012"/>
	<testcase classname="ArrayParsing_tests.ArrayParsingTests" name="test_get_row_where_value_failed" time="0.011"/>
	<testcase classname="ArrayParsing_tests.ArrayParsingTests" name="test_is_duplication_False" time="0.012"/>
	<testcase classname="ArrayParsing_tests.ArrayParsingTests" name="test_is_duplication_True" time="0.012"/>
	<testcase classname="ArrayParsing_tests.ArrayParsingTests" name="test_set_param_by_index" time="0.011"/>
	<testcase classname="ArrayParsing_tests.ArrayParsingTests" name="test_set_param_by_index_failed" time="0.012"/>
</testsuite>
