<?xml version="1.0" encoding="UTF-8"?>
<testsuite errors="0" failures="0" name="Interface_tests.InterfaceTests-20150929213554" tests="3" time="0.012">
	<properties/>
	<system-out>
<![CDATA[]]>	</system-out>
	<system-err>
<![CDATA[]]>	</system-err>
	<testcase classname="Interface_tests.InterfaceTests" name="test_get_by_equipment_and_function" time="0.003"/>
	<testcase classname="Interface_tests.InterfaceTests" name="test_get_by_equipment_and_function_in_stack" time="0.005"/>
	<testcase classname="Interface_tests.InterfaceTests" name="test_in_string" time="0.003"/>
</testsuite>
