<?xml version="1.0" encoding="UTF-8"?>
<testsuite errors="13" failures="0" name="ListParsing_tests.ListParsingTests-20150925201221" tests="13" time="0.002">
	<properties/>
	<system-out>
<![CDATA[]]>	</system-out>
	<system-err>
<![CDATA[]]>	</system-err>
	<testcase classname="ListParsing_tests.ListParsingTests" name="test_get_all_keys" time="0.000">
		<error message="[Errno 2] No such file or directory: '/home/joel/ownCloud/Developpement/NetScriptGen/src/unittest/excel_file/listparsing_test.xlsx'" type="FileNotFoundError">
<![CDATA[Traceback (most recent call last):
  File "/home/joel/ownCloud/Developpement/NetScriptGen/src/unittest/python/ListParsing_tests.py", line 11, in setUp
    self.sheet = ListParsing(get_sheet_test('listparsing_test.xlsx'))
  File "/home/joel/ownCloud/Developpement/NetScriptGen/src/main/python/utils/ExcelWorkbookManager.py", line 47, in get_sheet_test
    wb = get_excel_workbook(file)
  File "/home/joel/ownCloud/Developpement/NetScriptGen/src/main/python/utils/ExcelWorkbookManager.py", line 37, in get_excel_workbook
    return xlrd.open_workbook(file)
  File "/home/joel/ownCloud/Developpement/virtualenvs/linux/NetScriptGen_virtualenv/lib/python3.4/site-packages/xlrd/__init__.py", line 394, in open_workbook
    f = open(filename, "rb")
FileNotFoundError: [Errno 2] No such file or directory: '/home/joel/ownCloud/Developpement/NetScriptGen/src/unittest/excel_file/listparsing_test.xlsx'
]]>		</error>
	</testcase>
	<testcase classname="ListParsing_tests.ListParsingTests" name="test_get_all_keys_by_bag" time="0.000">
		<error message="[Errno 2] No such file or directory: '/home/joel/ownCloud/Developpement/NetScriptGen/src/unittest/excel_file/listparsing_test.xlsx'" type="FileNotFoundError">
<![CDATA[Traceback (most recent call last):
  File "/home/joel/ownCloud/Developpement/NetScriptGen/src/unittest/python/ListParsing_tests.py", line 11, in setUp
    self.sheet = ListParsing(get_sheet_test('listparsing_test.xlsx'))
  File "/home/joel/ownCloud/Developpement/NetScriptGen/src/main/python/utils/ExcelWorkbookManager.py", line 47, in get_sheet_test
    wb = get_excel_workbook(file)
  File "/home/joel/ownCloud/Developpement/NetScriptGen/src/main/python/utils/ExcelWorkbookManager.py", line 37, in get_excel_workbook
    return xlrd.open_workbook(file)
  File "/home/joel/ownCloud/Developpement/virtualenvs/linux/NetScriptGen_virtualenv/lib/python3.4/site-packages/xlrd/__init__.py", line 394, in open_workbook
    f = open(filename, "rb")
FileNotFoundError: [Errno 2] No such file or directory: '/home/joel/ownCloud/Developpement/NetScriptGen/src/unittest/excel_file/listparsing_test.xlsx'
]]>		</error>
	</testcase>
	<testcase classname="ListParsing_tests.ListParsingTests" name="test_get_all_keys_by_bag_failed" time="0.000">
		<error message="[Errno 2] No such file or directory: '/home/joel/ownCloud/Developpement/NetScriptGen/src/unittest/excel_file/listparsing_test.xlsx'" type="FileNotFoundError">
<![CDATA[Traceback (most recent call last):
  File "/home/joel/ownCloud/Developpement/NetScriptGen/src/unittest/python/ListParsing_tests.py", line 11, in setUp
    self.sheet = ListParsing(get_sheet_test('listparsing_test.xlsx'))
  File "/home/joel/ownCloud/Developpement/NetScriptGen/src/main/python/utils/ExcelWorkbookManager.py", line 47, in get_sheet_test
    wb = get_excel_workbook(file)
  File "/home/joel/ownCloud/Developpement/NetScriptGen/src/main/python/utils/ExcelWorkbookManager.py", line 37, in get_excel_workbook
    return xlrd.open_workbook(file)
  File "/home/joel/ownCloud/Developpement/virtualenvs/linux/NetScriptGen_virtualenv/lib/python3.4/site-packages/xlrd/__init__.py", line 394, in open_workbook
    f = open(filename, "rb")
FileNotFoundError: [Errno 2] No such file or directory: '/home/joel/ownCloud/Developpement/NetScriptGen/src/unittest/excel_file/listparsing_test.xlsx'
]]>		</error>
	</testcase>
	<testcase classname="ListParsing_tests.ListParsingTests" name="test_get_param_by_index_failed" time="0.000">
		<error message="[Errno 2] No such file or directory: '/home/joel/ownCloud/Developpement/NetScriptGen/src/unittest/excel_file/listparsing_test.xlsx'" type="FileNotFoundError">
<![CDATA[Traceback (most recent call last):
  File "/home/joel/ownCloud/Developpement/NetScriptGen/src/unittest/python/ListParsing_tests.py", line 11, in setUp
    self.sheet = ListParsing(get_sheet_test('listparsing_test.xlsx'))
  File "/home/joel/ownCloud/Developpement/NetScriptGen/src/main/python/utils/ExcelWorkbookManager.py", line 47, in get_sheet_test
    wb = get_excel_workbook(file)
  File "/home/joel/ownCloud/Developpement/NetScriptGen/src/main/python/utils/ExcelWorkbookManager.py", line 37, in get_excel_workbook
    return xlrd.open_workbook(file)
  File "/home/joel/ownCloud/Developpement/virtualenvs/linux/NetScriptGen_virtualenv/lib/python3.4/site-packages/xlrd/__init__.py", line 394, in open_workbook
    f = open(filename, "rb")
FileNotFoundError: [Errno 2] No such file or directory: '/home/joel/ownCloud/Developpement/NetScriptGen/src/unittest/excel_file/listparsing_test.xlsx'
]]>		</error>
	</testcase>
	<testcase classname="ListParsing_tests.ListParsingTests" name="test_get_value_by_bag_and_key" time="0.000">
		<error message="[Errno 2] No such file or directory: '/home/joel/ownCloud/Developpement/NetScriptGen/src/unittest/excel_file/listparsing_test.xlsx'" type="FileNotFoundError">
<![CDATA[Traceback (most recent call last):
  File "/home/joel/ownCloud/Developpement/NetScriptGen/src/unittest/python/ListParsing_tests.py", line 11, in setUp
    self.sheet = ListParsing(get_sheet_test('listparsing_test.xlsx'))
  File "/home/joel/ownCloud/Developpement/NetScriptGen/src/main/python/utils/ExcelWorkbookManager.py", line 47, in get_sheet_test
    wb = get_excel_workbook(file)
  File "/home/joel/ownCloud/Developpement/NetScriptGen/src/main/python/utils/ExcelWorkbookManager.py", line 37, in get_excel_workbook
    return xlrd.open_workbook(file)
  File "/home/joel/ownCloud/Developpement/virtualenvs/linux/NetScriptGen_virtualenv/lib/python3.4/site-packages/xlrd/__init__.py", line 394, in open_workbook
    f = open(filename, "rb")
FileNotFoundError: [Errno 2] No such file or directory: '/home/joel/ownCloud/Developpement/NetScriptGen/src/unittest/excel_file/listparsing_test.xlsx'
]]>		</error>
	</testcase>
	<testcase classname="ListParsing_tests.ListParsingTests" name="test_get_value_by_bag_and_key_and_index" time="0.000">
		<error message="[Errno 2] No such file or directory: '/home/joel/ownCloud/Developpement/NetScriptGen/src/unittest/excel_file/listparsing_test.xlsx'" type="FileNotFoundError">
<![CDATA[Traceback (most recent call last):
  File "/home/joel/ownCloud/Developpement/NetScriptGen/src/unittest/python/ListParsing_tests.py", line 11, in setUp
    self.sheet = ListParsing(get_sheet_test('listparsing_test.xlsx'))
  File "/home/joel/ownCloud/Developpement/NetScriptGen/src/main/python/utils/ExcelWorkbookManager.py", line 47, in get_sheet_test
    wb = get_excel_workbook(file)
  File "/home/joel/ownCloud/Developpement/NetScriptGen/src/main/python/utils/ExcelWorkbookManager.py", line 37, in get_excel_workbook
    return xlrd.open_workbook(file)
  File "/home/joel/ownCloud/Developpement/virtualenvs/linux/NetScriptGen_virtualenv/lib/python3.4/site-packages/xlrd/__init__.py", line 394, in open_workbook
    f = open(filename, "rb")
FileNotFoundError: [Errno 2] No such file or directory: '/home/joel/ownCloud/Developpement/NetScriptGen/src/unittest/excel_file/listparsing_test.xlsx'
]]>		</error>
	</testcase>
	<testcase classname="ListParsing_tests.ListParsingTests" name="test_get_value_by_bag_and_key_and_index_failed" time="0.000">
		<error message="[Errno 2] No such file or directory: '/home/joel/ownCloud/Developpement/NetScriptGen/src/unittest/excel_file/listparsing_test.xlsx'" type="FileNotFoundError">
<![CDATA[Traceback (most recent call last):
  File "/home/joel/ownCloud/Developpement/NetScriptGen/src/unittest/python/ListParsing_tests.py", line 11, in setUp
    self.sheet = ListParsing(get_sheet_test('listparsing_test.xlsx'))
  File "/home/joel/ownCloud/Developpement/NetScriptGen/src/main/python/utils/ExcelWorkbookManager.py", line 47, in get_sheet_test
    wb = get_excel_workbook(file)
  File "/home/joel/ownCloud/Developpement/NetScriptGen/src/main/python/utils/ExcelWorkbookManager.py", line 37, in get_excel_workbook
    return xlrd.open_workbook(file)
  File "/home/joel/ownCloud/Developpement/virtualenvs/linux/NetScriptGen_virtualenv/lib/python3.4/site-packages/xlrd/__init__.py", line 394, in open_workbook
    f = open(filename, "rb")
FileNotFoundError: [Errno 2] No such file or directory: '/home/joel/ownCloud/Developpement/NetScriptGen/src/unittest/excel_file/listparsing_test.xlsx'
]]>		</error>
	</testcase>
	<testcase classname="ListParsing_tests.ListParsingTests" name="test_get_value_by_key" time="0.000">
		<error message="[Errno 2] No such file or directory: '/home/joel/ownCloud/Developpement/NetScriptGen/src/unittest/excel_file/listparsing_test.xlsx'" type="FileNotFoundError">
<![CDATA[Traceback (most recent call last):
  File "/home/joel/ownCloud/Developpement/NetScriptGen/src/unittest/python/ListParsing_tests.py", line 11, in setUp
    self.sheet = ListParsing(get_sheet_test('listparsing_test.xlsx'))
  File "/home/joel/ownCloud/Developpement/NetScriptGen/src/main/python/utils/ExcelWorkbookManager.py", line 47, in get_sheet_test
    wb = get_excel_workbook(file)
  File "/home/joel/ownCloud/Developpement/NetScriptGen/src/main/python/utils/ExcelWorkbookManager.py", line 37, in get_excel_workbook
    return xlrd.open_workbook(file)
  File "/home/joel/ownCloud/Developpement/virtualenvs/linux/NetScriptGen_virtualenv/lib/python3.4/site-packages/xlrd/__init__.py", line 394, in open_workbook
    f = open(filename, "rb")
FileNotFoundError: [Errno 2] No such file or directory: '/home/joel/ownCloud/Developpement/NetScriptGen/src/unittest/excel_file/listparsing_test.xlsx'
]]>		</error>
	</testcase>
	<testcase classname="ListParsing_tests.ListParsingTests" name="test_get_value_by_key_failed" time="0.000">
		<error message="[Errno 2] No such file or directory: '/home/joel/ownCloud/Developpement/NetScriptGen/src/unittest/excel_file/listparsing_test.xlsx'" type="FileNotFoundError">
<![CDATA[Traceback (most recent call last):
  File "/home/joel/ownCloud/Developpement/NetScriptGen/src/unittest/python/ListParsing_tests.py", line 11, in setUp
    self.sheet = ListParsing(get_sheet_test('listparsing_test.xlsx'))
  File "/home/joel/ownCloud/Developpement/NetScriptGen/src/main/python/utils/ExcelWorkbookManager.py", line 47, in get_sheet_test
    wb = get_excel_workbook(file)
  File "/home/joel/ownCloud/Developpement/NetScriptGen/src/main/python/utils/ExcelWorkbookManager.py", line 37, in get_excel_workbook
    return xlrd.open_workbook(file)
  File "/home/joel/ownCloud/Developpement/virtualenvs/linux/NetScriptGen_virtualenv/lib/python3.4/site-packages/xlrd/__init__.py", line 394, in open_workbook
    f = open(filename, "rb")
FileNotFoundError: [Errno 2] No such file or directory: '/home/joel/ownCloud/Developpement/NetScriptGen/src/unittest/excel_file/listparsing_test.xlsx'
]]>		</error>
	</testcase>
	<testcase classname="ListParsing_tests.ListParsingTests" name="test_set_value_by_bag_and_key" time="0.000">
		<error message="[Errno 2] No such file or directory: '/home/joel/ownCloud/Developpement/NetScriptGen/src/unittest/excel_file/listparsing_test.xlsx'" type="FileNotFoundError">
<![CDATA[Traceback (most recent call last):
  File "/home/joel/ownCloud/Developpement/NetScriptGen/src/unittest/python/ListParsing_tests.py", line 11, in setUp
    self.sheet = ListParsing(get_sheet_test('listparsing_test.xlsx'))
  File "/home/joel/ownCloud/Developpement/NetScriptGen/src/main/python/utils/ExcelWorkbookManager.py", line 47, in get_sheet_test
    wb = get_excel_workbook(file)
  File "/home/joel/ownCloud/Developpement/NetScriptGen/src/main/python/utils/ExcelWorkbookManager.py", line 37, in get_excel_workbook
    return xlrd.open_workbook(file)
  File "/home/joel/ownCloud/Developpement/virtualenvs/linux/NetScriptGen_virtualenv/lib/python3.4/site-packages/xlrd/__init__.py", line 394, in open_workbook
    f = open(filename, "rb")
FileNotFoundError: [Errno 2] No such file or directory: '/home/joel/ownCloud/Developpement/NetScriptGen/src/unittest/excel_file/listparsing_test.xlsx'
]]>		</error>
	</testcase>
	<testcase classname="ListParsing_tests.ListParsingTests" name="test_set_value_by_bag_and_key_failed" time="0.000">
		<error message="[Errno 2] No such file or directory: '/home/joel/ownCloud/Developpement/NetScriptGen/src/unittest/excel_file/listparsing_test.xlsx'" type="FileNotFoundError">
<![CDATA[Traceback (most recent call last):
  File "/home/joel/ownCloud/Developpement/NetScriptGen/src/unittest/python/ListParsing_tests.py", line 11, in setUp
    self.sheet = ListParsing(get_sheet_test('listparsing_test.xlsx'))
  File "/home/joel/ownCloud/Developpement/NetScriptGen/src/main/python/utils/ExcelWorkbookManager.py", line 47, in get_sheet_test
    wb = get_excel_workbook(file)
  File "/home/joel/ownCloud/Developpement/NetScriptGen/src/main/python/utils/ExcelWorkbookManager.py", line 37, in get_excel_workbook
    return xlrd.open_workbook(file)
  File "/home/joel/ownCloud/Developpement/virtualenvs/linux/NetScriptGen_virtualenv/lib/python3.4/site-packages/xlrd/__init__.py", line 394, in open_workbook
    f = open(filename, "rb")
FileNotFoundError: [Errno 2] No such file or directory: '/home/joel/ownCloud/Developpement/NetScriptGen/src/unittest/excel_file/listparsing_test.xlsx'
]]>		</error>
	</testcase>
	<testcase classname="ListParsing_tests.ListParsingTests" name="test_set_value_by_key" time="0.000">
		<error message="[Errno 2] No such file or directory: '/home/joel/ownCloud/Developpement/NetScriptGen/src/unittest/excel_file/listparsing_test.xlsx'" type="FileNotFoundError">
<![CDATA[Traceback (most recent call last):
  File "/home/joel/ownCloud/Developpement/NetScriptGen/src/unittest/python/ListParsing_tests.py", line 11, in setUp
    self.sheet = ListParsing(get_sheet_test('listparsing_test.xlsx'))
  File "/home/joel/ownCloud/Developpement/NetScriptGen/src/main/python/utils/ExcelWorkbookManager.py", line 47, in get_sheet_test
    wb = get_excel_workbook(file)
  File "/home/joel/ownCloud/Developpement/NetScriptGen/src/main/python/utils/ExcelWorkbookManager.py", line 37, in get_excel_workbook
    return xlrd.open_workbook(file)
  File "/home/joel/ownCloud/Developpement/virtualenvs/linux/NetScriptGen_virtualenv/lib/python3.4/site-packages/xlrd/__init__.py", line 394, in open_workbook
    f = open(filename, "rb")
FileNotFoundError: [Errno 2] No such file or directory: '/home/joel/ownCloud/Developpement/NetScriptGen/src/unittest/excel_file/listparsing_test.xlsx'
]]>		</error>
	</testcase>
	<testcase classname="ListParsing_tests.ListParsingTests" name="test_set_value_by_key_failed" time="0.000">
		<error message="[Errno 2] No such file or directory: '/home/joel/ownCloud/Developpement/NetScriptGen/src/unittest/excel_file/listparsing_test.xlsx'" type="FileNotFoundError">
<![CDATA[Traceback (most recent call last):
  File "/home/joel/ownCloud/Developpement/NetScriptGen/src/unittest/python/ListParsing_tests.py", line 11, in setUp
    self.sheet = ListParsing(get_sheet_test('listparsing_test.xlsx'))
  File "/home/joel/ownCloud/Developpement/NetScriptGen/src/main/python/utils/ExcelWorkbookManager.py", line 47, in get_sheet_test
    wb = get_excel_workbook(file)
  File "/home/joel/ownCloud/Developpement/NetScriptGen/src/main/python/utils/ExcelWorkbookManager.py", line 37, in get_excel_workbook
    return xlrd.open_workbook(file)
  File "/home/joel/ownCloud/Developpement/virtualenvs/linux/NetScriptGen_virtualenv/lib/python3.4/site-packages/xlrd/__init__.py", line 394, in open_workbook
    f = open(filename, "rb")
FileNotFoundError: [Errno 2] No such file or directory: '/home/joel/ownCloud/Developpement/NetScriptGen/src/unittest/excel_file/listparsing_test.xlsx'
]]>		</error>
	</testcase>
</testsuite>
